=> Booting Puma
=> Rails 6.1.3.1 application starting in production 
=> Run `bin/rails server --help` for more startup options
Puma starting in single mode...
* Puma version: 5.2.2 (ruby 3.0.0-p0) ("Fettisdagsbulle")
*  Min threads: 5
*  Max threads: 5
*  Environment: production
*          PID: 28372
* Listening on unix:///www/rails/car-group/tmp/sockets/puma.sock
Use Ctrl-C to stop
- Gracefully stopping, waiting for requests to finish
=== puma shutdown: 2021-04-07 00:26:31 +0000 ===
- Goodbye!
Exiting
=> Booting Puma
=> Rails 6.1.3.1 application starting in production 
=> Run `bin/rails server --help` for more startup options
Puma starting in single mode...
* Puma version: 5.2.2 (ruby 3.0.0-p0) ("Fettisdagsbulle")
*  Min threads: 5
*  Max threads: 5
*  Environment: production
*          PID: 28940
* Listening on unix:///www/rails/car-group/tmp/sockets/puma.sock
Use Ctrl-C to stop
=> Booting Puma
=> Rails 6.1.3.1 application starting in production 
=> Run `bin/rails server --help` for more startup options
Puma starting in single mode...
* Puma version: 5.2.2 (ruby 3.0.0-p0) ("Fettisdagsbulle")
*  Min threads: 5
*  Max threads: 5
*  Environment: production
*          PID: 29004
* Listening on unix:///www/rails/car-group/tmp/sockets/puma.sock
Use Ctrl-C to stop
